This file contains any messages produced by compilers while
running configure, to aid debugging if configure makes a mistake.

It was created by cpuminer-multi configure 1.3.5, which was
generated by GNU Autoconf 2.69.  Invocation command line was

  $ ./configure --with-crypto --with-curl CFLAGS=-O2  -Ofast -flto -fuse-linker-plugin -ftree-loop-if-convert-stores -DUSE_ASM -pg

## --------- ##
## Platform. ##
## --------- ##

hostname = localhost
uname -m = x86_64
uname -r = 17.7.0
uname -s = Darwin
uname -v = Darwin Kernel Version 17.7.0: Thu Jun 21 22:53:14 PDT 2018; root:xnu-4570.71.2~1/RELEASE_X86_64

/usr/bin/uname -p = i386
/bin/uname -X     = unknown

/bin/arch              = unknown
/usr/bin/arch -k       = unknown
/usr/convex/getsysinfo = unknown
/usr/bin/hostinfo      = Mach kernel version:
	 Darwin Kernel Version 17.7.0: Thu Jun 21 22:53:14 PDT 2018; root:xnu-4570.71.2~1/RELEASE_X86_64
Kernel configured for up to 4 processors.
2 processors are physically available.
4 processors are logically available.
Processor type: x86_64h (Intel x86-64h Haswell)
Processors active: 0 1 2 3
Primary memory available: 16.00 gigabytes
Default processor set: 475 tasks, 2517 threads, 4 processors
Load average: 2.77, Mach factor: 1.61
/bin/machine           = unknown
/usr/bin/oslevel       = unknown
/bin/universe          = unknown

PATH: /usr/local/sbin
PATH: /usr/local/bin
PATH: /usr/bin
PATH: /bin
PATH: /usr/sbin
PATH: /sbin
PATH: ~/.composer/vendor/bin/
PATH: /opt/X11/bin


## ----------- ##
## Core tests. ##
## ----------- ##

configure:2386: checking build system type
configure:2400: result: x86_64-apple-darwin17.7.0
configure:2420: checking host system type
configure:2433: result: x86_64-apple-darwin17.7.0
configure:2453: checking target system type
configure:2466: result: x86_64-apple-darwin17.7.0
configure:2514: checking for a BSD-compatible install
configure:2582: result: /usr/bin/install -c
configure:2593: checking whether build environment is sane
configure:2648: result: yes
configure:2799: checking for a thread-safe mkdir -p
configure:2838: result: ./install-sh -c -d
configure:2845: checking for gawk
configure:2875: result: no
configure:2845: checking for mawk
configure:2875: result: no
configure:2845: checking for nawk
configure:2875: result: no
configure:2845: checking for awk
configure:2861: found /usr/bin/awk
configure:2872: result: awk
configure:2883: checking whether make sets $(MAKE)
configure:2905: result: yes
configure:2934: checking whether make supports nested variables
configure:2951: result: yes
configure:3079: checking whether to enable maintainer-specific portions of Makefiles
configure:3088: result: no
configure:3106: checking whether make supports the include directive
configure:3121: make -f confmf.GNU && cat confinc.out
this is the am__doit target
configure:3124: $? = 0
configure:3143: result: yes (GNU style)
configure:3213: checking for gcc
configure:3229: found /usr/bin/gcc
configure:3240: result: gcc
configure:3469: checking for C compiler version
configure:3478: gcc --version >&5
Apple LLVM version 9.1.0 (clang-902.0.39.2)
Target: x86_64-apple-darwin17.7.0
Thread model: posix
InstalledDir: /Applications/Xcode.app/Contents/Developer/Toolchains/XcodeDefault.xctoolchain/usr/bin
Configured with: --prefix=/Applications/Xcode.app/Contents/Developer/usr --with-gxx-include-dir=/usr/include/c++/4.2.1
configure:3489: $? = 0
configure:3478: gcc -v >&5
Configured with: --prefix=/Applications/Xcode.app/Contents/Developer/usr --with-gxx-include-dir=/usr/include/c++/4.2.1
Apple LLVM version 9.1.0 (clang-902.0.39.2)
Target: x86_64-apple-darwin17.7.0
Thread model: posix
InstalledDir: /Applications/Xcode.app/Contents/Developer/Toolchains/XcodeDefault.xctoolchain/usr/bin
configure:3489: $? = 0
configure:3478: gcc -V >&5
clang: error: argument to '-V' is missing (expected 1 value)
clang: error: no input files
configure:3489: $? = 1
configure:3478: gcc -qversion >&5
clang: error: unknown argument: '-qversion'
clang: error: no input files
configure:3489: $? = 1
configure:3509: checking whether the C compiler works
configure:3531: gcc -O2  -Ofast -flto -fuse-linker-plugin -ftree-loop-if-convert-stores -DUSE_ASM -pg   conftest.c  >&5
clang: error: unknown argument: '-ftree-loop-if-convert-stores'
clang: warning: optimization flag '-fuse-linker-plugin' is not supported [-Wignored-optimization-argument]
configure:3535: $? = 1
configure:3573: result: no
configure: failed program was:
| /* confdefs.h */
| #define PACKAGE_NAME "cpuminer-multi"
| #define PACKAGE_TARNAME "cpuminer-multi"
| #define PACKAGE_VERSION "1.3.5"
| #define PACKAGE_STRING "cpuminer-multi 1.3.5"
| #define PACKAGE_BUGREPORT ""
| #define PACKAGE_URL ""
| #define PACKAGE "cpuminer-multi"
| #define VERSION "1.3.5"
| /* end confdefs.h.  */
| 
| int
| main ()
| {
| 
|   ;
|   return 0;
| }
configure:3578: error: in `/Users/xing/wwwroot/thingTrust/trustnote-pow/trustnote-pow-miner':
configure:3580: error: C compiler cannot create executables
See `config.log' for more details

## ---------------- ##
## Cache variables. ##
## ---------------- ##

ac_cv_build=x86_64-apple-darwin17.7.0
ac_cv_env_CCASFLAGS_set=
ac_cv_env_CCASFLAGS_value=
ac_cv_env_CCAS_set=
ac_cv_env_CCAS_value=
ac_cv_env_CCC_set=
ac_cv_env_CCC_value=
ac_cv_env_CC_set=
ac_cv_env_CC_value=
ac_cv_env_CFLAGS_set=set
ac_cv_env_CFLAGS_value='-O2  -Ofast -flto -fuse-linker-plugin -ftree-loop-if-convert-stores -DUSE_ASM -pg'
ac_cv_env_CPPFLAGS_set=
ac_cv_env_CPPFLAGS_value=
ac_cv_env_CPP_set=
ac_cv_env_CPP_value=
ac_cv_env_CXXFLAGS_set=
ac_cv_env_CXXFLAGS_value=
ac_cv_env_CXX_set=
ac_cv_env_CXX_value=
ac_cv_env_LDFLAGS_set=
ac_cv_env_LDFLAGS_value=
ac_cv_env_LIBS_set=
ac_cv_env_LIBS_value=
ac_cv_env_build_alias_set=
ac_cv_env_build_alias_value=
ac_cv_env_host_alias_set=
ac_cv_env_host_alias_value=
ac_cv_env_target_alias_set=
ac_cv_env_target_alias_value=
ac_cv_host=x86_64-apple-darwin17.7.0
ac_cv_path_install='/usr/bin/install -c'
ac_cv_prog_AWK=awk
ac_cv_prog_ac_ct_CC=gcc
ac_cv_prog_make_make_set=yes
ac_cv_target=x86_64-apple-darwin17.7.0
am_cv_make_support_nested_variables=yes

## ----------------- ##
## Output variables. ##
## ----------------- ##

ACLOCAL='${SHELL} /Users/xing/wwwroot/thingTrust/trustnote-pow/trustnote-pow-miner/missing aclocal-1.16'
ALLOCA=''
AMDEPBACKSLASH='\'
AMDEP_FALSE='#'
AMDEP_TRUE=''
AMTAR='$${TAR-tar}'
AM_BACKSLASH='\'
AM_DEFAULT_V='$(AM_DEFAULT_VERBOSITY)'
AM_DEFAULT_VERBOSITY='1'
AM_V='$(V)'
ARCH_ARM_FALSE=''
ARCH_ARM_TRUE=''
ARCH_x86_64_FALSE=''
ARCH_x86_64_TRUE=''
ARCH_x86_FALSE=''
ARCH_x86_TRUE=''
AUTOCONF='${SHELL} /Users/xing/wwwroot/thingTrust/trustnote-pow/trustnote-pow-miner/missing autoconf'
AUTOHEADER='${SHELL} /Users/xing/wwwroot/thingTrust/trustnote-pow/trustnote-pow-miner/missing autoheader'
AUTOMAKE='${SHELL} /Users/xing/wwwroot/thingTrust/trustnote-pow/trustnote-pow-miner/missing automake-1.16'
AWK='awk'
CC='gcc'
CCAS=''
CCASDEPMODE=''
CCASFLAGS=''
CCDEPMODE=''
CFLAGS='-O2  -Ofast -flto -fuse-linker-plugin -ftree-loop-if-convert-stores -DUSE_ASM -pg'
CPP=''
CPPFLAGS=''
CXX=''
CXXDEPMODE=''
CXXFLAGS=''
CYGPATH_W='echo'
DEFS=''
DEPDIR='.deps'
ECHO_C='\c'
ECHO_N=''
ECHO_T=''
EGREP=''
EXEEXT=''
GREP=''
HAVE_WINDOWS_FALSE=''
HAVE_WINDOWS_TRUE=''
INSTALL_DATA='${INSTALL} -m 644'
INSTALL_PROGRAM='${INSTALL}'
INSTALL_SCRIPT='${INSTALL}'
INSTALL_STRIP_PROGRAM='$(install_sh) -c -s'
JANSSON_LIBS=''
LDFLAGS=''
LIBCURL=''
LIBCURL_CFLAGS=''
LIBCURL_CPPFLAGS=''
LIBOBJS=''
LIBS=''
LTLIBOBJS=''
MAINT='#'
MAINTAINER_MODE_FALSE=''
MAINTAINER_MODE_TRUE='#'
MAKEINFO='${SHELL} /Users/xing/wwwroot/thingTrust/trustnote-pow/trustnote-pow-miner/missing makeinfo'
MINGW_FALSE=''
MINGW_TRUE=''
MKDIR_P='./install-sh -c -d'
OBJEXT=''
PACKAGE='cpuminer-multi'
PACKAGE_BUGREPORT=''
PACKAGE_NAME='cpuminer-multi'
PACKAGE_STRING='cpuminer-multi 1.3.5'
PACKAGE_TARNAME='cpuminer-multi'
PACKAGE_URL=''
PACKAGE_VERSION='1.3.5'
PATH_SEPARATOR=':'
PTHREAD_FLAGS=''
PTHREAD_LIBS=''
RANLIB=''
SET_MAKE=''
SHELL='/bin/sh'
STRIP=''
USE_ASM_FALSE=''
USE_ASM_TRUE=''
VERSION='1.3.5'
WANT_JANSSON_FALSE=''
WANT_JANSSON_TRUE=''
WS2_LIBS=''
ac_ct_CC='gcc'
ac_ct_CXX=''
am__EXEEXT_FALSE=''
am__EXEEXT_TRUE=''
am__fastdepCCAS_FALSE=''
am__fastdepCCAS_TRUE=''
am__fastdepCC_FALSE=''
am__fastdepCC_TRUE=''
am__fastdepCXX_FALSE=''
am__fastdepCXX_TRUE=''
am__include='include'
am__isrc=''
am__leading_dot='.'
am__nodep='_no'
am__quote=''
am__tar='$${TAR-tar} chof - "$$tardir"'
am__untar='$${TAR-tar} xf -'
bindir='${exec_prefix}/bin'
build='x86_64-apple-darwin17.7.0'
build_alias=''
build_cpu='x86_64'
build_os='darwin17.7.0'
build_vendor='apple'
datadir='${datarootdir}'
datarootdir='${prefix}/share'
docdir='${datarootdir}/doc/${PACKAGE_TARNAME}'
dvidir='${docdir}'
exec_prefix='NONE'
host='x86_64-apple-darwin17.7.0'
host_alias=''
host_cpu='x86_64'
host_os='darwin17.7.0'
host_vendor='apple'
htmldir='${docdir}'
includedir='${prefix}/include'
infodir='${datarootdir}/info'
install_sh='${SHELL} /Users/xing/wwwroot/thingTrust/trustnote-pow/trustnote-pow-miner/install-sh'
libdir='${exec_prefix}/lib'
libexecdir='${exec_prefix}/libexec'
localedir='${datarootdir}/locale'
localstatedir='${prefix}/var'
mandir='${datarootdir}/man'
mkdir_p='$(MKDIR_P)'
oldincludedir='/usr/include'
pdfdir='${docdir}'
prefix='NONE'
program_transform_name='s,x,x,'
psdir='${docdir}'
sbindir='${exec_prefix}/sbin'
sharedstatedir='${prefix}/com'
sysconfdir='${prefix}/etc'
target='x86_64-apple-darwin17.7.0'
target_alias=''
target_cpu='x86_64'
target_os='darwin17.7.0'
target_vendor='apple'

## ----------- ##
## confdefs.h. ##
## ----------- ##

/* confdefs.h */
#define PACKAGE_NAME "cpuminer-multi"
#define PACKAGE_TARNAME "cpuminer-multi"
#define PACKAGE_VERSION "1.3.5"
#define PACKAGE_STRING "cpuminer-multi 1.3.5"
#define PACKAGE_BUGREPORT ""
#define PACKAGE_URL ""
#define PACKAGE "cpuminer-multi"
#define VERSION "1.3.5"

configure: exit 77
